{
  "RSpec": {
    "coverage": {
      "/Users/alexsiegberg/Desktop/animal-shelter-api/app/models/animal.rb": [
        1,
        1,
        1,
        1,
        1,
        1,
        null,
        1,
        0,
        null,
        1,
        2,
        null,
        1,
        2,
        null,
        1,
        2,
        null,
        1,
        null,
        2,
        null,
        1,
        null,
        2,
        null,
        1,
        null,
        2,
        null,
        1,
        null,
        2,
        1,
        null,
        2,
        null,
        1,
        null,
        2,
        null,
        1,
        1,
        73,
        null,
        null
      ],
      "/Users/alexsiegberg/Desktop/animal-shelter-api/app/models/application_record.rb": [
        1,
        1,
        null
      ],
      "/Users/alexsiegberg/Desktop/animal-shelter-api/spec/requests/get_animals_spec.rb": [
        1,
        1,
        null,
        1,
        3,
        2,
        2,
        null,
        3,
        null,
        1,
        1,
        null,
        null,
        1,
        1,
        null,
        null,
        null,
        1,
        3,
        null,
        3,
        null,
        1,
        1,
        null,
        null,
        1,
        1,
        null,
        null,
        null,
        1,
        3,
        null,
        3,
        null,
        1,
        1,
        null,
        null,
        1,
        1,
        null,
        null,
        null,
        1,
        3,
        null,
        3,
        null,
        1,
        1,
        null,
        null,
        1,
        1,
        null,
        null,
        null,
        1,
        3,
        2,
        null,
        3,
        null,
        1,
        1,
        null,
        null,
        1,
        1,
        null,
        null,
        null,
        1,
        3,
        2,
        null,
        3,
        null,
        1,
        1,
        null,
        null,
        1,
        1,
        null,
        null,
        null,
        1,
        3,
        2,
        null,
        3,
        null,
        1,
        1,
        null,
        null,
        1,
        1,
        null,
        null,
        null,
        1,
        3,
        2,
        null,
        3,
        null,
        1,
        1,
        null,
        null,
        1,
        1,
        null,
        null,
        null,
        1,
        3,
        2,
        null,
        3,
        null,
        1,
        1,
        null,
        null,
        1,
        1,
        null,
        null,
        null,
        1,
        3,
        2,
        null,
        3,
        null,
        1,
        1,
        null,
        null,
        1,
        1,
        null,
        null
      ],
      "/Users/alexsiegberg/Desktop/animal-shelter-api/spec/factories/animal.rb": [
        1,
        null,
        1,
        1,
        1,
        49,
        61,
        61,
        null,
        null
      ],
      "/Users/alexsiegberg/Desktop/animal-shelter-api/app/controllers/v1/animals_controller.rb": [
        1,
        null,
        1,
        2,
        2,
        null,
        null,
        1,
        0,
        0,
        null,
        null,
        1,
        0,
        0,
        null,
        null,
        1,
        0,
        0,
        null,
        null,
        1,
        0,
        0,
        0,
        null,
        0,
        null,
        null,
        null,
        1,
        0,
        0,
        0,
        null,
        null,
        1,
        0,
        0,
        null,
        null,
        null,
        1,
        2,
        2,
        null,
        null,
        1,
        2,
        2,
        null,
        null,
        1,
        2,
        2,
        null,
        null,
        null,
        1,
        2,
        2,
        null,
        null,
        1,
        2,
        2,
        null,
        null,
        1,
        2,
        2,
        null,
        null,
        null,
        1,
        2,
        2,
        null,
        null,
        1,
        2,
        2,
        null,
        null,
        1,
        2,
        2,
        null,
        null,
        1,
        1,
        0,
        null,
        null
      ],
      "/Users/alexsiegberg/Desktop/animal-shelter-api/app/controllers/application_controller.rb": [
        1,
        1,
        null,
        1,
        0,
        null,
        1,
        0,
        null,
        null
      ],
      "/Users/alexsiegberg/Desktop/animal-shelter-api/app/controllers/concerns/response.rb": [
        1,
        1,
        20,
        null,
        null
      ]
    },
    "timestamp": 1566603548
  }
}
